[90mGET / [32m200 [90m356ms - 4.37kb[0m
[90mGET /vendors/bootstrap/css/bootstrap.min.css [36m304 [90m80ms[0m
[90mGET /javascripts/jquery/jquery-1.9.0.js [36m304 [90m75ms[0m
[90mGET /vendors/bootstrap/js/bootstrap.min.js [36m304 [90m10ms[0m
[90mGET /devices/isOnWorking [36m304 [90m228ms[0m
[90mGET /devices/start [32m200 [90m3076ms - 16b[0m
[90mGET /devices/isOnWorking [32m200 [90m196ms - 33b[0m
[90mGET /devices/stop [32m200 [90m149ms - 26b[0m
[90mGET /devices/isOnWorking [32m200 [90m76ms - 34b[0m
[90mGET / [36m304 [90m58ms[0m
[90mGET /vendors/bootstrap/css/bootstrap.min.css [36m304 [90m18ms[0m
[90mGET /javascripts/jquery/jquery-1.9.0.js [36m304 [90m14ms[0m
[90mGET /vendors/bootstrap/js/bootstrap.min.js [36m304 [90m8ms[0m
[90mGET /devices/isOnWorking [36m304 [90m74ms[0m
[90mGET /devices/dirIndex [32m200 [90m240ms - 3.74kb[0m
[90mGET /vendors/bootstrap/css/bootstrap.min.css [36m304 [90m32ms[0m
[90mGET /javascripts/jquery/jquery-1.9.0.js [36m304 [90m24ms[0m
[90mGET /vendors/bootstrap/js/bootstrap.min.js [36m304 [90m11ms[0m
2014-05-28 22:25:41.860000000 2
2014-05-28 22:46:06.670000000 1
[90mGET /devices/dirList [32m200 [90m141ms - 97b[0m
[90mGET /image/showImageIndex?dirName=2 [32m200 [90m85ms - 6.12kb[0m
[90mGET /vendors/bootstrap/css/bootstrap.min.css [36m304 [90m16ms[0m
[90mGET /javascripts/jquery/jquery-1.9.0.js [36m304 [90m12ms[0m
[90mGET /vendors/bootstrap/js/bootstrap.min.js [36m304 [90m8ms[0m
2014-05-28 22:25:42.750000000 3.jpg
2014-05-28 22:25:37.730000000 2.jpg
2014-05-28 22:25:32.820000000 1.jpg
[90mGET /image/imageListJson?dirName=2 [32m200 [90m102ms - 157b[0m
[90mGET /image/showImage?dirName=2&fileName=3.jpg [32m200 [90m42ms[0m
[90mGET /image/showImage?dirName=2&fileName=2.jpg [32m200 [90m44ms[0m
[90mGET /image/showImage?dirName=2&fileName=1.jpg [32m200 [90m45ms[0m
[90mGET /image/showImageIndex?dirName=2 [36m304 [90m68ms[0m
[90mGET /vendors/bootstrap/css/bootstrap.min.css [36m304 [90m22ms[0m
[90mGET /javascripts/jquery/jquery-1.9.0.js [36m304 [90m20ms[0m
[90mGET /vendors/bootstrap/js/bootstrap.min.js [36m304 [90m17ms[0m
[90mGET /image/imageListJson?dirName=2 [32m200 [90m89ms - 2b[0m
[90mGET / [36m304 [90m60ms[0m
[90mGET /vendors/bootstrap/css/bootstrap.min.css [36m304 [90m21ms[0m
[90mGET /javascripts/jquery/jquery-1.9.0.js [36m304 [90m19ms[0m
[90mGET /vendors/bootstrap/js/bootstrap.min.js [36m304 [90m17ms[0m
[90mGET /devices/isOnWorking [36m304 [90m76ms[0m
[90mGET /devices/start [36m304 [90m3044ms[0m
[90mGET /devices/isOnWorking [32m200 [90m168ms - 33b[0m
[90mGET / [36m304 [90m102ms[0m
[90mGET /vendors/bootstrap/css/bootstrap.min.css [36m304 [90m47ms[0m
[90mGET /javascripts/jquery/jquery-1.9.0.js [36m304 [90m33ms[0m
[90mGET /vendors/bootstrap/js/bootstrap.min.js [36m304 [90m39ms[0m
[90mGET /devices/isOnWorking [36m304 [90m160ms[0m
[90mGET /devices/dirIndex [36m304 [90m99ms[0m
[90mGET /vendors/bootstrap/css/bootstrap.min.css [36m304 [90m57ms[0m
[90mGET /javascripts/jquery/jquery-1.9.0.js [36m304 [90m44ms[0m
[90mGET /vendors/bootstrap/js/bootstrap.min.js [36m304 [90m31ms[0m
2014-05-28 22:44:28.000000000 4
2014-05-28 18:09:30.000000000 3
2014-05-28 18:09:28.000000000 2
2014-05-28 18:09:24.000000000 1
[90mGET /devices/dirList [32m200 [90m144ms - 193b[0m
[90mGET /image/showImageIndex?dirName=4 [32m200 [90m140ms - 6.12kb[0m
[90mGET /vendors/bootstrap/css/bootstrap.min.css [36m304 [90m49ms[0m
[90mGET /javascripts/jquery/jquery-1.9.0.js [36m304 [90m34ms[0m
[90mGET /vendors/bootstrap/js/bootstrap.min.js [36m304 [90m29ms[0m
2014-05-28 22:44:35.000000000 92.jpg
2014-05-28 22:44:29.000000000 91.jpg
2014-05-28 22:44:23.000000000 90.jpg
[90mGET /image/imageListJson?dirName=4 [32m200 [90m198ms - 160b[0m
[90mGET /image/showImage?dirName=4&fileName=92.jpg [32m200 [90m124ms[0m
[90mGET /image/showImage?dirName=4&fileName=91.jpg [32m200 [90m206ms[0m
[90mGET /image/showImage?dirName=4&fileName=90.jpg [32m200 [90m261ms[0m
[90mGET /devices/dirIndex [36m304 [90m97ms[0m
[90mGET /vendors/bootstrap/css/bootstrap.min.css [36m304 [90m45ms[0m
[90mGET /javascripts/jquery/jquery-1.9.0.js [36m304 [90m42ms[0m
[90mGET /vendors/bootstrap/js/bootstrap.min.js [36m304 [90m29ms[0m
2014-05-28 22:44:41.000000000 4
2014-05-28 18:09:30.000000000 3
2014-05-28 18:09:28.000000000 2
2014-05-28 18:09:24.000000000 1
[90mGET /devices/dirList [32m200 [90m160ms - 193b[0m
[90mGET /image/showImageIndex?dirName=3 [32m200 [90m148ms - 6.12kb[0m
[90mGET /vendors/bootstrap/css/bootstrap.min.css [36m304 [90m45ms[0m
[90mGET /javascripts/jquery/jquery-1.9.0.js [36m304 [90m32ms[0m
[90mGET /vendors/bootstrap/js/bootstrap.min.js [36m304 [90m39ms[0m
[90mGET /image/imageListJson?dirName=3 [32m200 [90m160ms - 2b[0m
[90mGET /devices/dirIndex [36m304 [90m99ms[0m
[90mGET /vendors/bootstrap/css/bootstrap.min.css [36m304 [90m48ms[0m
[90mGET /javascripts/jquery/jquery-1.9.0.js [36m304 [90m34ms[0m
[90mGET /vendors/bootstrap/js/bootstrap.min.js [36m304 [90m30ms[0m
2014-05-28 22:44:47.000000000 4
2014-05-28 18:09:30.000000000 3
2014-05-28 18:09:28.000000000 2
2014-05-28 18:09:24.000000000 1
[90mGET /devices/dirList [32m200 [90m160ms - 193b[0m
[90mGET /image/showImageIndex?dirName=2 [36m304 [90m162ms[0m
[90mGET /vendors/bootstrap/css/bootstrap.min.css [36m304 [90m55ms[0m
[90mGET /javascripts/jquery/jquery-1.9.0.js [36m304 [90m43ms[0m
[90mGET /vendors/bootstrap/js/bootstrap.min.js [36m304 [90m30ms[0m
[90mGET /image/imageListJson?dirName=2 [36m304 [90m143ms[0m
[90mGET /devices/dirIndex [36m304 [90m100ms[0m
[90mGET /vendors/bootstrap/css/bootstrap.min.css [36m304 [90m53ms[0m
[90mGET /javascripts/jquery/jquery-1.9.0.js [36m304 [90m46ms[0m
[90mGET /vendors/bootstrap/js/bootstrap.min.js [36m304 [90m44ms[0m
2014-05-28 22:44:47.000000000 4
2014-05-28 18:09:30.000000000 3
2014-05-28 18:09:28.000000000 2
2014-05-28 18:09:24.000000000 1
[90mGET /devices/dirList [36m304 [90m148ms[0m
[90mGET /image/showImageIndex?dirName=1 [32m200 [90m139ms - 6.12kb[0m
[90mGET /vendors/bootstrap/css/bootstrap.min.css [36m304 [90m48ms[0m
[90mGET /javascripts/jquery/jquery-1.9.0.js [36m304 [90m33ms[0m
[90mGET /vendors/bootstrap/js/bootstrap.min.js [36m304 [90m29ms[0m
[90mGET /image/imageListJson?dirName=1 [32m200 [90m150ms - 2b[0m
[90mGET /devices/dirIndex [36m304 [90m98ms[0m
[90mGET /vendors/bootstrap/css/bootstrap.min.css [36m304 [90m47ms[0m
[90mGET /javascripts/jquery/jquery-1.9.0.js [36m304 [90m34ms[0m
[90mGET /vendors/bootstrap/js/bootstrap.min.js [36m304 [90m28ms[0m
2014-05-28 22:44:54.000000000 4
2014-05-28 18:09:30.000000000 3
2014-05-28 18:09:28.000000000 2
2014-05-28 18:09:24.000000000 1
[90mGET /devices/dirList [32m200 [90m147ms - 193b[0m
[90mGET /image/showImageIndex?dirName=4 [36m304 [90m143ms[0m
[90mGET /vendors/bootstrap/css/bootstrap.min.css [36m304 [90m46ms[0m
[90mGET /javascripts/jquery/jquery-1.9.0.js [36m304 [90m34ms[0m
[90mGET /vendors/bootstrap/js/bootstrap.min.js [36m304 [90m39ms[0m
2014-05-28 22:45:44.000000000 103.jpg
2014-05-28 22:45:38.000000000 102.jpg
2014-05-28 22:45:32.000000000 101.jpg
[90mGET /image/imageListJson?dirName=4 [32m200 [90m205ms - 163b[0m
[90mGET /image/showImage?dirName=4&fileName=103.jpg [32m200 [90m68ms[0m
[90mGET /image/showImage?dirName=4&fileName=102.jpg [32m200 [90m99ms[0m
[90mGET /image/showImage?dirName=4&fileName=101.jpg [32m200 [90m119ms[0m
[90mGET /devices/dirIndex [36m304 [90m93ms[0m
[90mGET /vendors/bootstrap/css/bootstrap.min.css [36m304 [90m45ms[0m
[90mGET /javascripts/jquery/jquery-1.9.0.js [36m304 [90m32ms[0m
[90mGET /vendors/bootstrap/js/bootstrap.min.js [36m304 [90m39ms[0m
2014-05-28 22:45:56.000000000 4
2014-05-28 18:09:30.000000000 3
2014-05-28 18:09:28.000000000 2
2014-05-28 18:09:24.000000000 1
[90mGET /devices/dirList [32m200 [90m156ms - 193b[0m
[90mGET / [36m304 [90m103ms[0m
[90mGET /vendors/bootstrap/css/bootstrap.min.css [36m304 [90m51ms[0m
[90mGET /javascripts/jquery/jquery-1.9.0.js [36m304 [90m35ms[0m
[90mGET /vendors/bootstrap/js/bootstrap.min.js [36m304 [90m43ms[0m
[90mGET /devices/isOnWorking [36m304 [90m165ms[0m
[90mGET /devices/stop [36m304 [90m146ms[0m

http.js:689
    throw new Error('Can\'t set headers after they are sent.');
          ^
Error: Can't set headers after they are sent.
    at ServerResponse.OutgoingMessage.setHeader (http.js:689:11)
    at ServerResponse.res.set.res.header (/home/pi/apps/nodejs/piTimeLapse/node_modules/express/lib/response.js:549:10)
    at ServerResponse.res.json (/home/pi/apps/nodejs/piTimeLapse/node_modules/express/lib/response.js:194:36)
    at /home/pi/apps/nodejs/piTimeLapse/routes/device.js:42:21
    at ChildProcess.exithandler (child_process.js:651:7)
    at ChildProcess.EventEmitter.emit (events.js:98:17)
    at maybeClose (child_process.js:753:16)
    at Socket.<anonymous> (child_process.js:966:11)
    at Socket.EventEmitter.emit (events.js:95:17)
    at Pipe.close (net.js:465:12)
[90mGET /devices/dirIndex [36m304 [90m333ms[0m
[90mGET /vendors/bootstrap/css/bootstrap.min.css [36m304 [90m77ms[0m
[90mGET /javascripts/jquery/jquery-1.9.0.js [36m304 [90m71ms[0m
[90mGET /vendors/bootstrap/js/bootstrap.min.js [36m304 [90m65ms[0m
2014-05-28 22:46:08.000000000 4
2014-05-28 18:09:30.000000000 3
2014-05-28 18:09:28.000000000 2
2014-05-28 18:09:24.000000000 1
[90mGET /devices/dirList [32m200 [90m269ms - 193b[0m
[90mGET / [36m304 [90m72ms[0m
[90mGET /vendors/bootstrap/css/bootstrap.min.css [36m304 [90m23ms[0m
[90mGET /javascripts/jquery/jquery-1.9.0.js [36m304 [90m20ms[0m
[90mGET /vendors/bootstrap/js/bootstrap.min.js [36m304 [90m18ms[0m
[90mGET /devices/isOnWorking [32m200 [90m104ms - 34b[0m
[90mGET /apple-touch-icon-precomposed.png [33m404 [90m70ms - 1kb[0m
[90mGET /apple-touch-icon.png [33m404 [90m21ms - 1kb[0m
[90mGET /devices/isOnWorking [32m200 [90m77ms - 34b[0m
[90mGET /devices/start [32m200 [90m3045ms - 16b[0m
[90mGET /devices/isOnWorking [32m200 [90m165ms - 33b[0m
[90mGET / [36m304 [90m511ms[0m
[90mGET /vendors/bootstrap/css/bootstrap.min.css [36m304 [90m87ms[0m
[90mGET /javascripts/jquery/jquery-1.9.0.js [36m304 [90m67ms[0m
[90mGET /vendors/bootstrap/js/bootstrap.min.js [36m304 [90m61ms[0m
[90mGET /devices/isOnWorking [32m200 [90m207ms - 33b[0m
[90mGET /devices/dirIndex [36m304 [90m143ms[0m
[90mGET /vendors/bootstrap/css/bootstrap.min.css [36m304 [90m50ms[0m
[90mGET /javascripts/jquery/jquery-1.9.0.js [36m304 [90m47ms[0m
[90mGET /vendors/bootstrap/js/bootstrap.min.js [36m304 [90m44ms[0m
2014-05-28 22:49:44.000000000 5
2014-05-28 22:46:08.000000000 4
2014-05-28 18:09:30.000000000 3
2014-05-28 18:09:28.000000000 2
2014-05-28 18:09:24.000000000 1
[90mGET /devices/dirList [32m200 [90m164ms - 241b[0m
[90mGET /image/showImageIndex?dirName=5 [32m200 [90m175ms - 6.12kb[0m
[90mGET /vendors/bootstrap/css/bootstrap.min.css [36m304 [90m54ms[0m
[90mGET /javascripts/jquery/jquery-1.9.0.js [36m304 [90m41ms[0m
[90mGET /vendors/bootstrap/js/bootstrap.min.js [36m304 [90m30ms[0m
2014-05-28 22:49:45.000000000 2.jpg
2014-05-28 22:49:40.000000000 1.jpg
[90mGET /image/imageListJson?dirName=5 [32m200 [90m162ms - 105b[0m
[90mGET /image/showImage?dirName=5&fileName=2.jpg [32m200 [90m62ms[0m
[90mGET /image/showImage?dirName=5&fileName=1.jpg [32m200 [90m76ms[0m
[90mGET / [36m304 [90m109ms[0m
[90mGET /vendors/bootstrap/css/bootstrap.min.css [36m304 [90m50ms[0m
[90mGET /javascripts/jquery/jquery-1.9.0.js [36m304 [90m35ms[0m
[90mGET /vendors/bootstrap/js/bootstrap.min.js [36m304 [90m44ms[0m
[90mGET /devices/isOnWorking [36m304 [90m195ms[0m
[90mGET /devices/dirIndex [36m304 [90m97ms[0m
[90mGET /vendors/bootstrap/css/bootstrap.min.css [36m304 [90m46ms[0m
[90mGET /javascripts/jquery/jquery-1.9.0.js [36m304 [90m41ms[0m
[90mGET /vendors/bootstrap/js/bootstrap.min.js [36m304 [90m38ms[0m
2014-05-28 22:49:50.000000000 5
2014-05-28 22:46:08.000000000 4
2014-05-28 18:09:30.000000000 3
2014-05-28 18:09:28.000000000 2
2014-05-28 18:09:24.000000000 1
[90mGET /devices/dirList [32m200 [90m144ms - 241b[0m
[90mGET /image/showImageIndex?dirName=5 [36m304 [90m141ms[0m
[90mGET /vendors/bootstrap/css/bootstrap.min.css [36m304 [90m49ms[0m
[90mGET /javascripts/jquery/jquery-1.9.0.js [36m304 [90m46ms[0m
[90mGET /vendors/bootstrap/js/bootstrap.min.js [36m304 [90m33ms[0m
2014-05-28 22:49:56.000000000 4.jpg
2014-05-28 22:49:51.000000000 3.jpg
2014-05-28 22:49:45.000000000 2.jpg
[90mGET /image/imageListJson?dirName=5 [32m200 [90m160ms - 157b[0m
[90mGET /image/showImage?dirName=5&fileName=4.jpg [32m200 [90m73ms[0m
[90mGET /image/showImage?dirName=5&fileName=3.jpg [32m200 [90m71ms[0m
[90mGET /image/showImage?dirName=5&fileName=2.jpg [32m200 [90m71ms[0m
[90mGET /devices/dirIndex [36m304 [90m88ms[0m
[90mGET /vendors/bootstrap/css/bootstrap.min.css [36m304 [90m51ms[0m
[90mGET /javascripts/jquery/jquery-1.9.0.js [36m304 [90m46ms[0m
[90mGET /vendors/bootstrap/js/bootstrap.min.js [36m304 [90m44ms[0m
2014-05-28 22:50:02.000000000 5
2014-05-28 22:46:08.000000000 4
2014-05-28 18:09:30.000000000 3
2014-05-28 18:09:28.000000000 2
2014-05-28 18:09:24.000000000 1
[90mGET /devices/dirList [32m200 [90m143ms - 241b[0m
[90mGET /image/showImageIndex?dirName=4 [36m304 [90m145ms[0m
[90mGET /vendors/bootstrap/css/bootstrap.min.css [36m304 [90m53ms[0m
[90mGET /javascripts/jquery/jquery-1.9.0.js [36m304 [90m46ms[0m
[90mGET /vendors/bootstrap/js/bootstrap.min.js [36m304 [90m44ms[0m
2014-05-28 22:46:09.000000000 107.jpg
2014-05-28 22:46:03.000000000 106.jpg
2014-05-28 22:45:57.000000000 105.jpg
[90mGET /image/imageListJson?dirName=4 [32m200 [90m190ms - 163b[0m
[90mGET /image/showImage?dirName=4&fileName=107.jpg [32m200 [90m53ms[0m
[90mGET /image/showImage?dirName=4&fileName=106.jpg [32m200 [90m80ms[0m
[90mGET /image/showImage?dirName=4&fileName=105.jpg [32m200 [90m59ms[0m
[90mGET /devices/dirIndex [36m304 [90m94ms[0m
[90mGET /vendors/bootstrap/css/bootstrap.min.css [36m304 [90m48ms[0m
[90mGET /javascripts/jquery/jquery-1.9.0.js [36m304 [90m33ms[0m
[90mGET /vendors/bootstrap/js/bootstrap.min.js [36m304 [90m39ms[0m
2014-05-28 22:50:02.000000000 5
2014-05-28 22:46:08.000000000 4
2014-05-28 18:09:30.000000000 3
2014-05-28 18:09:28.000000000 2
2014-05-28 18:09:24.000000000 1
[90mGET /devices/dirList [36m304 [90m157ms[0m
[90mGET /image/showImageIndex?dirName=5 [36m304 [90m139ms[0m
[90mGET /vendors/bootstrap/css/bootstrap.min.css [36m304 [90m53ms[0m
[90mGET /javascripts/jquery/jquery-1.9.0.js [36m304 [90m46ms[0m
[90mGET /vendors/bootstrap/js/bootstrap.min.js [36m304 [90m43ms[0m
2014-05-28 22:50:08.000000000 6.jpg
2014-05-28 22:50:03.000000000 5.jpg
2014-05-28 22:49:57.000000000 4.jpg
[90mGET /image/imageListJson?dirName=5 [32m200 [90m167ms - 157b[0m
[90mGET /image/showImage?dirName=5&fileName=6.jpg [32m200 [90m69ms[0m
[90mGET /image/showImage?dirName=5&fileName=5.jpg [32m200 [90m89ms[0m
[90mGET /image/showImage?dirName=5&fileName=4.jpg [32m200 [90m118ms[0m
[90mGET /devices/dirIndex [36m304 [90m99ms[0m
[90mGET /vendors/bootstrap/css/bootstrap.min.css [36m304 [90m663ms[0m
[90mGET /javascripts/jquery/jquery-1.9.0.js [36m304 [90m97ms[0m
[90mGET /vendors/bootstrap/js/bootstrap.min.js [36m304 [90m71ms[0m
2014-05-28 22:50:14.000000000 5
2014-05-28 22:46:08.000000000 4
2014-05-28 18:09:30.000000000 3
2014-05-28 18:09:28.000000000 2
2014-05-28 18:09:24.000000000 1
[90mGET /devices/dirList [32m200 [90m199ms - 241b[0m
[90mGET /devices/dirIndex [36m304 [90m104ms[0m
[90mGET /vendors/bootstrap/css/bootstrap.min.css [36m304 [90m57ms[0m
[90mGET /javascripts/jquery/jquery-1.9.0.js [36m304 [90m54ms[0m
[90mGET /vendors/bootstrap/js/bootstrap.min.js [36m304 [90m40ms[0m
2014-05-28 22:50:20.000000000 5
2014-05-28 22:46:08.000000000 4
2014-05-28 18:09:30.000000000 3
2014-05-28 18:09:28.000000000 2
2014-05-28 18:09:24.000000000 1
[90mGET /devices/dirList [32m200 [90m159ms - 241b[0m
[90mGET /image/showImageIndex?dirName=5 [36m304 [90m139ms[0m
[90mGET /vendors/bootstrap/css/bootstrap.min.css [36m304 [90m55ms[0m
[90mGET /javascripts/jquery/jquery-1.9.0.js [36m304 [90m42ms[0m
[90mGET /vendors/bootstrap/js/bootstrap.min.js [36m304 [90m39ms[0m
2014-05-28 22:50:21.000000000 8.jpg
2014-05-28 22:50:15.000000000 7.jpg
2014-05-28 22:50:09.000000000 6.jpg
[90mGET /image/imageListJson?dirName=5 [32m200 [90m154ms - 157b[0m
[90mGET /image/showImage?dirName=5&fileName=8.jpg [32m200 [90m72ms[0m
[90mGET /image/showImage?dirName=5&fileName=7.jpg [32m200 [90m92ms[0m
[90mGET /image/showImage?dirName=5&fileName=6.jpg [32m200 [90m138ms[0m
[90mGET / [36m304 [90m183ms[0m
[90mGET /vendors/bootstrap/css/bootstrap.min.css [36m304 [90m36ms[0m
[90mGET /javascripts/jquery/jquery-1.9.0.js [36m304 [90m39ms[0m
[90mGET /vendors/bootstrap/js/bootstrap.min.js [36m304 [90m26ms[0m
[90mGET /devices/isOnWorking [36m304 [90m167ms[0m
[90mGET /devices/dirIndex [36m304 [90m99ms[0m
[90mGET /vendors/bootstrap/css/bootstrap.min.css [36m304 [90m50ms[0m
[90mGET /javascripts/jquery/jquery-1.9.0.js [36m304 [90m46ms[0m
[90mGET /vendors/bootstrap/js/bootstrap.min.js [36m304 [90m35ms[0m
2014-05-28 22:59:59.000000000 5
2014-05-28 22:46:08.000000000 4
2014-05-28 18:09:30.000000000 3
2014-05-28 18:09:28.000000000 2
2014-05-28 18:09:24.000000000 1
[90mGET /devices/dirList [32m200 [90m157ms - 241b[0m
[90mGET /image/showImageIndex?dirName=5 [36m304 [90m142ms[0m
[90mGET /vendors/bootstrap/css/bootstrap.min.css [36m304 [90m49ms[0m
[90mGET /javascripts/jquery/jquery-1.9.0.js [36m304 [90m34ms[0m
[90mGET /vendors/bootstrap/js/bootstrap.min.js [36m304 [90m30ms[0m
2014-05-28 23:00:00.000000000 112.jpg
2014-05-28 22:59:55.000000000 111.jpg
2014-05-28 22:59:49.000000000 110.jpg
[90mGET /image/imageListJson?dirName=5 [32m200 [90m189ms - 163b[0m
[90mGET /image/showImage?dirName=5&fileName=112.jpg [32m200 [90m49ms[0m
[90mGET /image/showImage?dirName=5&fileName=111.jpg [32m200 [90m77ms[0m
[90mGET /image/showImage?dirName=5&fileName=110.jpg [32m200 [90m36ms[0m
[90mGET /devices/dirIndex [36m304 [90m99ms[0m
[90mGET /vendors/bootstrap/css/bootstrap.min.css [36m304 [90m23ms[0m
[90mGET /javascripts/jquery/jquery-1.9.0.js [36m304 [90m32ms[0m
[90mGET /vendors/bootstrap/js/bootstrap.min.js [36m304 [90m36ms[0m
2014-05-28 23:02:56.000000000 5
2014-05-28 22:46:08.000000000 4
2014-05-28 18:09:30.000000000 3
2014-05-28 18:09:28.000000000 2
2014-05-28 18:09:24.000000000 1
[90mGET /devices/dirList [32m200 [90m161ms - 241b[0m
[90mGET /image/showImageIndex?dirName=5 [36m304 [90m139ms[0m
[90mGET /vendors/bootstrap/css/bootstrap.min.css [36m304 [90m13ms[0m
[90mGET /javascripts/jquery/jquery-1.9.0.js [36m304 [90m39ms[0m
[90mGET /vendors/bootstrap/js/bootstrap.min.js [36m304 [90m26ms[0m
2014-05-28 23:02:57.000000000 144.jpg
2014-05-28 23:02:52.000000000 143.jpg
2014-05-28 23:02:46.000000000 142.jpg
[90mGET /image/imageListJson?dirName=5 [32m200 [90m247ms - 163b[0m
[90mGET /image/showImage?dirName=5&fileName=144.jpg [32m200 [90m77ms[0m
[90mGET /image/showImage?dirName=5&fileName=143.jpg [32m200 [90m83ms[0m
[90mGET /image/showImage?dirName=5&fileName=142.jpg [32m200 [90m98ms[0m
[90mGET / [36m304 [90m105ms[0m
[90mGET /vendors/bootstrap/css/bootstrap.min.css [36m304 [90m28ms[0m
[90mGET /javascripts/jquery/jquery-1.9.0.js [36m304 [90m26ms[0m
[90mGET /vendors/bootstrap/js/bootstrap.min.js [36m304 [90m20ms[0m
[90mGET /apple-touch-icon-precomposed.png [33m404 [90m127ms - 1kb[0m
[90mGET /apple-touch-icon.png [33m404 [90m44ms - 1kb[0m
[90mGET /devices/isOnWorking [36m304 [90m183ms[0m
[90mGET /devices/stop [32m200 [90m159ms - 26b[0m
[90mGET /devices/isOnWorking [32m200 [90m79ms - 34b[0m
[90mGET / [36m304 [90m47ms[0m
[90mGET /vendors/bootstrap/css/bootstrap.min.css [36m304 [90m21ms[0m
[90mGET /javascripts/jquery/jquery-1.9.0.js [36m304 [90m19ms[0m
[90mGET /vendors/bootstrap/js/bootstrap.min.js [36m304 [90m17ms[0m
[90mGET /devices/isOnWorking [32m200 [90m79ms - 34b[0m
[90mGET /devices/dirIndex [36m304 [90m43ms[0m
[90mGET /vendors/bootstrap/css/bootstrap.min.css [36m304 [90m15ms[0m
[90mGET /javascripts/jquery/jquery-1.9.0.js [36m304 [90m12ms[0m
[90mGET /vendors/bootstrap/js/bootstrap.min.js [36m304 [90m7ms[0m
2014-05-28 23:03:58.000000000 5
2014-05-28 22:46:08.000000000 4
2014-05-28 18:09:30.000000000 3
2014-05-28 18:09:28.000000000 2
2014-05-28 18:09:24.000000000 1
[90mGET /devices/dirList [32m200 [90m84ms - 241b[0m
[90mGET /image/showImageIndex?dirName=5 [36m304 [90m65ms[0m
[90mGET /vendors/bootstrap/css/bootstrap.min.css [36m304 [90m22ms[0m
[90mGET /javascripts/jquery/jquery-1.9.0.js [36m304 [90m20ms[0m
[90mGET /vendors/bootstrap/js/bootstrap.min.js [36m304 [90m18ms[0m
2014-05-28 23:03:59.000000000 155.jpg
2014-05-28 23:03:53.000000000 154.jpg
2014-05-28 23:03:48.000000000 153.jpg
[90mGET /image/imageListJson?dirName=5 [32m200 [90m124ms - 163b[0m
[90mGET /image/showImage?dirName=5&fileName=155.jpg [32m200 [90m18ms[0m
[90mGET /image/showImage?dirName=5&fileName=154.jpg [32m200 [90m36ms[0m
[90mGET /image/showImage?dirName=5&fileName=153.jpg [32m200 [90m49ms[0m
[90mGET /devices/dirIndex [36m304 [90m44ms[0m
[90mGET /vendors/bootstrap/css/bootstrap.min.css [36m304 [90m8ms[0m
[90mGET /javascripts/jquery/jquery-1.9.0.js [36m304 [90m14ms[0m
[90mGET /vendors/bootstrap/js/bootstrap.min.js [36m304 [90m12ms[0m
2014-05-28 23:03:58.000000000 5
2014-05-28 22:46:08.000000000 4
2014-05-28 18:09:30.000000000 3
2014-05-28 18:09:28.000000000 2
2014-05-28 18:09:24.000000000 1
[90mGET /devices/dirList [36m304 [90m86ms[0m
[90mGET /devices/start [36m304 [90m3040ms[0m
[90mGET /devices/isOnWorking [32m200 [90m177ms - 33b[0m
[90mGET /devices/dirIndex [36m304 [90m97ms[0m
[90mGET /vendors/bootstrap/css/bootstrap.min.css [36m304 [90m41ms[0m
[90mGET /javascripts/jquery/jquery-1.9.0.js [36m304 [90m26ms[0m
[90mGET /vendors/bootstrap/js/bootstrap.min.js [36m304 [90m20ms[0m
2014-05-28 23:04:46.000000000 6
2014-05-28 23:03:58.000000000 5
2014-05-28 22:46:08.000000000 4
2014-05-28 18:09:30.000000000 3
2014-05-28 18:09:28.000000000 2
2014-05-28 18:09:24.000000000 1
[90mGET /devices/dirList [32m200 [90m162ms - 289b[0m
[90mGET /apple-touch-icon-precomposed.png [33m404 [90m40ms - 1kb[0m
[90mGET /apple-touch-icon.png [33m404 [90m41ms - 1kb[0m
[90mGET /image/showImageIndex?dirName=6 [32m200 [90m182ms - 6.12kb[0m
[90mGET /vendors/bootstrap/css/bootstrap.min.css [36m304 [90m46ms[0m
[90mGET /javascripts/jquery/jquery-1.9.0.js [36m304 [90m34ms[0m
[90mGET /vendors/bootstrap/js/bootstrap.min.js [36m304 [90m29ms[0m
[90mGET /apple-touch-icon-precomposed.png [33m404 [90m79ms - 1kb[0m
2014-05-28 23:04:48.000000000 4.jpg
2014-05-28 23:04:42.000000000 3.jpg
2014-05-28 23:04:37.000000000 2.jpg
[90mGET /image/imageListJson?dirName=6 [32m200 [90m194ms - 157b[0m
[90mGET /apple-touch-icon.png [33m404 [90m42ms - 1kb[0m
[90mGET /image/showImage?dirName=6&fileName=4.jpg [32m200 [90m76ms[0m
[90mGET /image/showImage?dirName=6&fileName=3.jpg [32m200 [90m77ms[0m
[90mGET /image/showImage?dirName=6&fileName=2.jpg [32m200 [90m77ms[0m
[90mGET /image/showImageIndex?dirName=6 [36m304 [90m141ms[0m
[90mGET /vendors/bootstrap/css/bootstrap.min.css [36m304 [90m47ms[0m
[90mGET /javascripts/jquery/jquery-1.9.0.js [36m304 [90m33ms[0m
[90mGET /vendors/bootstrap/js/bootstrap.min.js [36m304 [90m28ms[0m
[90mGET /apple-touch-icon-precomposed.png [33m404 [90m40ms - 1kb[0m
2014-05-28 23:04:53.000000000 5.jpg
2014-05-28 23:04:48.000000000 4.jpg
2014-05-28 23:04:42.000000000 3.jpg
[90mGET /image/imageListJson?dirName=6 [32m200 [90m190ms - 157b[0m
[90mGET /image/showImage?dirName=6&fileName=5.jpg [32m200 [90m68ms[0m
[90mGET /image/showImage?dirName=6&fileName=4.jpg [32m200 [90m108ms[0m
[90mGET /image/showImage?dirName=6&fileName=3.jpg [32m200 [90m109ms[0m
[90mGET /apple-touch-icon.png [33m404 [90m56ms - 1kb[0m
[90mGET /image/showImageIndex?dirName=6 [36m304 [90m147ms[0m
[90mGET /vendors/bootstrap/css/bootstrap.min.css [36m304 [90m47ms[0m
[90mGET /javascripts/jquery/jquery-1.9.0.js [36m304 [90m33ms[0m
[90mGET /vendors/bootstrap/js/bootstrap.min.js [36m304 [90m29ms[0m
[90mGET /apple-touch-icon-precomposed.png [33m404 [90m54ms - 1kb[0m
2014-05-28 23:04:59.000000000 6.jpg
2014-05-28 23:04:53.000000000 5.jpg
2014-05-28 23:04:48.000000000 4.jpg
[90mGET /image/imageListJson?dirName=6 [32m200 [90m201ms - 157b[0m
[90mGET /apple-touch-icon.png [33m404 [90m39ms - 1kb[0m
[90mGET /image/showImage?dirName=6&fileName=6.jpg [32m200 [90m58ms[0m
[90mGET /image/showImage?dirName=6&fileName=5.jpg [32m200 [90m89ms[0m
[90mGET /image/showImage?dirName=6&fileName=4.jpg [32m200 [90m93ms[0m
[90mGET /image/showImageIndex?dirName=6 [36m304 [90m142ms[0m
[90mGET /vendors/bootstrap/css/bootstrap.min.css [36m304 [90m33ms[0m
[90mGET /javascripts/jquery/jquery-1.9.0.js [36m304 [90m26ms[0m
[90mGET /vendors/bootstrap/js/bootstrap.min.js [36m304 [90m21ms[0m
[90mGET /apple-touch-icon-precomposed.png [33m404 [90m99ms - 1kb[0m
2014-05-28 23:05:00.000000000 6.jpg
2014-05-28 23:04:53.000000000 5.jpg
2014-05-28 23:04:48.000000000 4.jpg
[90mGET /image/imageListJson?dirName=6 [32m200 [90m212ms - 157b[0m
[90mGET /apple-touch-icon.png [33m404 [90m35ms - 1kb[0m
[90mGET /image/showImage?dirName=6&fileName=6.jpg [32m200 [90m72ms[0m
[90mGET /image/showImage?dirName=6&fileName=5.jpg [32m200 [90m86ms[0m
[90mGET /image/showImage?dirName=6&fileName=4.jpg [32m200 [90m117ms[0m
[90mGET /image/showImage?dirName=6&fileName=6.jpg [32m200 [90m41ms[0m
[90mGET /image/showImageIndex?dirName=6 [36m304 [90m640ms[0m
[90mGET /vendors/bootstrap/css/bootstrap.min.css [36m304 [90m88ms[0m
[90mGET /javascripts/jquery/jquery-1.9.0.js [36m304 [90m56ms[0m
[90mGET /vendors/bootstrap/js/bootstrap.min.js [36m304 [90m58ms[0m
[90mGET /apple-touch-icon-precomposed.png [33m404 [90m59ms - 1kb[0m
2014-05-28 23:05:28.000000000 11.jpg
2014-05-28 23:05:22.000000000 10.jpg
2014-05-28 23:05:17.000000000 9.jpg
[90mGET /image/imageListJson?dirName=6 [32m200 [90m284ms - 159b[0m
[90mGET /image/showImage?dirName=6&fileName=10.jpg [32m200 [90m60ms[0m
[90mGET /apple-touch-icon.png [33m404 [90m80ms - 1kb[0m
[90mGET /image/showImage?dirName=6&fileName=11.jpg [32m200 [90m28ms[0m
[90mGET /image/showImage?dirName=6&fileName=9.jpg [32m200 [90m39ms[0m
[90mGET / [36m304 [90m116ms[0m
[90mGET /vendors/bootstrap/css/bootstrap.min.css [36m304 [90m45ms[0m
[90mGET /javascripts/jquery/jquery-1.9.0.js [36m304 [90m52ms[0m
[90mGET /vendors/bootstrap/js/bootstrap.min.js [36m304 [90m40ms[0m
[90mGET /devices/isOnWorking [32m200 [90m71ms[0m
[90mGET /devices/dirIndex [36m304 [90m155ms[0m
[90mGET /vendors/bootstrap/css/bootstrap.min.css [36m304 [90m39ms[0m
[90mGET /javascripts/jquery/jquery-1.9.0.js [36m304 [90m36ms[0m
[90mGET /vendors/bootstrap/js/bootstrap.min.js [36m304 [90m20ms[0m
2014-05-28 23:05:38.000000000 6
2014-05-28 23:03:58.000000000 5
2014-05-28 22:46:08.000000000 4
2014-05-28 18:09:30.000000000 3
2014-05-28 18:09:28.000000000 2
2014-05-28 18:09:24.000000000 1
[90mGET /devices/dirList [32m200 [90m166ms - 289b[0m
[90mGET /image/showImageIndex?dirName=6 [32m200 [90m143ms - 6.12kb[0m
[90mGET /vendors/bootstrap/css/bootstrap.min.css [36m304 [90m50ms[0m
[90mGET /javascripts/jquery/jquery-1.9.0.js [36m304 [90m36ms[0m
[90mGET /vendors/bootstrap/js/bootstrap.min.js [36m304 [90m40ms[0m
2014-05-28 23:05:39.000000000 13.jpg
2014-05-28 23:05:34.000000000 12.jpg
2014-05-28 23:05:28.000000000 11.jpg
[90mGET /image/imageListJson?dirName=6 [32m200 [90m153ms - 160b[0m
[90mGET /image/showImage?dirName=6&fileName=13.jpg [32m200 [90m45ms[0m
[90mGET /image/showImage?dirName=6&fileName=12.jpg [32m200 [90m66ms[0m
[90mGET /image/showImage?dirName=6&fileName=11.jpg [32m200 [90m44ms[0m
[90mGET /image/showImageIndex?dirName=6 [36m304 [90m129ms[0m
[90mGET /vendors/bootstrap/css/bootstrap.min.css [36m304 [90m50ms[0m
[90mGET /javascripts/jquery/jquery-1.9.0.js [36m304 [90m47ms[0m
[90mGET /vendors/bootstrap/js/bootstrap.min.js [36m304 [90m44ms[0m
[90mGET /apple-touch-icon-precomposed.png [33m404 [90m46ms - 1kb[0m
2014-05-28 23:05:45.000000000 14.jpg
2014-05-28 23:05:39.000000000 13.jpg
2014-05-28 23:05:34.000000000 12.jpg
[90mGET /image/imageListJson?dirName=6 [32m200 [90m216ms - 160b[0m
[90mGET /apple-touch-icon.png [33m404 [90m41ms - 1kb[0m
[90mGET /image/showImage?dirName=6&fileName=14.jpg [32m200 [90m58ms[0m
[90mGET /image/showImage?dirName=6&fileName=13.jpg [32m200 [90m72ms[0m
[90mGET /image/showImage?dirName=6&fileName=12.jpg [32m200 [90m85ms[0m
[90mGET /image/showImageIndex?dirName=6 [36m304 [90m152ms[0m
[90mGET /vendors/bootstrap/css/bootstrap.min.css [36m304 [90m30ms[0m
[90mGET /javascripts/jquery/jquery-1.9.0.js [36m304 [90m27ms[0m
[90mGET /vendors/bootstrap/js/bootstrap.min.js [36m304 [90m18ms[0m
[90mGET /apple-touch-icon-precomposed.png [33m404 [90m52ms - 1kb[0m
2014-05-28 23:06:06.000000000 18.jpg
2014-05-28 23:06:01.000000000 17.jpg
2014-05-28 23:05:56.000000000 16.jpg
[90mGET /image/imageListJson?dirName=6 [32m200 [90m211ms - 160b[0m
[90mGET /image/showImage?dirName=6&fileName=18.jpg [32m200 [90m29ms[0m
[90mGET /image/showImage?dirName=6&fileName=17.jpg [32m200 [90m46ms[0m
[90mGET /image/showImage?dirName=6&fileName=16.jpg [32m200 [90m72ms[0m
[90mGET /apple-touch-icon.png [33m404 [90m40ms - 1kb[0m
[90mGET /image/showImageIndex?dirName=6 [36m304 [90m160ms[0m
[90mGET /vendors/bootstrap/css/bootstrap.min.css [36m304 [90m46ms[0m
[90mGET /javascripts/jquery/jquery-1.9.0.js [36m304 [90m33ms[0m
[90mGET /vendors/bootstrap/js/bootstrap.min.js [36m304 [90m40ms[0m
2014-05-28 23:06:16.000000000 20.jpg
2014-05-28 23:06:12.000000000 19.jpg
2014-05-28 23:06:06.000000000 18.jpg
[90mGET /image/imageListJson?dirName=6 [32m200 [90m187ms - 160b[0m
[90mGET /image/showImage?dirName=6&fileName=20.jpg [32m200 [90m67ms[0m
[90mGET /image/showImage?dirName=6&fileName=19.jpg [32m200 [90m67ms[0m
[90mGET /image/showImage?dirName=6&fileName=18.jpg [32m200 [90m82ms[0m
[90mGET /image/showImageIndex?dirName=6 [36m304 [90m130ms[0m
[90mGET /vendors/bootstrap/css/bootstrap.min.css [36m304 [90m71ms[0m
[90mGET /javascripts/jquery/jquery-1.9.0.js [36m304 [90m57ms[0m
[90mGET /vendors/bootstrap/js/bootstrap.min.js [36m304 [90m39ms[0m
[90mGET /apple-touch-icon-precomposed.png [33m404 [90m75ms - 1kb[0m
2014-05-28 23:06:38.000000000 24.jpg
2014-05-28 23:06:33.000000000 23.jpg
2014-05-28 23:06:28.000000000 22.jpg
[90mGET /image/imageListJson?dirName=6 [32m200 [90m204ms - 160b[0m
[90mGET /image/showImage?dirName=6&fileName=24.jpg [32m200 [90m80ms[0m
[90mGET /image/showImage?dirName=6&fileName=23.jpg [32m200 [90m84ms[0m
[90mGET /image/showImage?dirName=6&fileName=22.jpg [32m200 [90m84ms[0m
[90mGET /apple-touch-icon.png [33m404 [90m124ms - 1kb[0m
[90mGET /image/showImageIndex?dirName=6 [36m304 [90m138ms[0m
[90mGET /vendors/bootstrap/css/bootstrap.min.css [36m304 [90m44ms[0m
[90mGET /javascripts/jquery/jquery-1.9.0.js [36m304 [90m41ms[0m
[90mGET /vendors/bootstrap/js/bootstrap.min.js [36m304 [90m39ms[0m
2014-05-28 23:07:00.000000000 28.jpg
2014-05-28 23:06:54.000000000 27.jpg
2014-05-28 23:06:49.000000000 26.jpg
[90mGET /image/imageListJson?dirName=6 [32m200 [90m177ms - 160b[0m
[90mGET /image/showImage?dirName=6&fileName=28.jpg [32m200 [90m67ms[0m
[90mGET /image/showImage?dirName=6&fileName=27.jpg [32m200 [90m71ms[0m
[90mGET /image/showImage?dirName=6&fileName=26.jpg [32m200 [90m87ms[0m
[90mGET /image/showImageIndex?dirName=6 [36m304 [90m137ms[0m
[90mGET /vendors/bootstrap/css/bootstrap.min.css [36m304 [90m57ms[0m
[90mGET /javascripts/jquery/jquery-1.9.0.js [36m304 [90m44ms[0m
[90mGET /vendors/bootstrap/js/bootstrap.min.js [36m304 [90m31ms[0m
2014-05-28 23:07:21.000000000 32.jpg
2014-05-28 23:07:16.000000000 31.jpg
2014-05-28 23:07:10.000000000 30.jpg
[90mGET /image/imageListJson?dirName=6 [32m200 [90m177ms - 160b[0m
[90mGET /image/showImage?dirName=6&fileName=32.jpg [32m200 [90m46ms[0m
[90mGET /image/showImage?dirName=6&fileName=31.jpg [32m200 [90m91ms[0m
[90mGET /image/showImage?dirName=6&fileName=30.jpg [32m200 [90m75ms[0m
[90mGET /image/showImageIndex?dirName=6 [36m304 [90m138ms[0m
[90mGET /vendors/bootstrap/css/bootstrap.min.css [36m304 [90m47ms[0m
[90mGET /javascripts/jquery/jquery-1.9.0.js [36m304 [90m33ms[0m
[90mGET /vendors/bootstrap/js/bootstrap.min.js [36m304 [90m29ms[0m
2014-05-28 23:07:21.000000000 32.jpg
2014-05-28 23:07:16.000000000 31.jpg
2014-05-28 23:07:10.000000000 30.jpg
[90mGET /image/imageListJson?dirName=6 [36m304 [90m184ms[0m
[90mGET /image/showImage?dirName=6&fileName=32.jpg [32m200 [90m64ms[0m
[90mGET /image/showImage?dirName=6&fileName=31.jpg [32m200 [90m125ms[0m
[90mGET /image/showImage?dirName=6&fileName=30.jpg [32m200 [90m155ms[0m
[90mGET /image/showImageIndex?dirName=6 [36m304 [90m145ms[0m
[90mGET /vendors/bootstrap/css/bootstrap.min.css [36m304 [90m34ms[0m
[90mGET /javascripts/jquery/jquery-1.9.0.js [36m304 [90m25ms[0m
[90mGET /vendors/bootstrap/js/bootstrap.min.js [36m304 [90m21ms[0m
[90mGET /image/imageListJson?dirName=6 [32m200 [90m155ms - 2b[0m
[90mGET /devices/dirIndex [36m304 [90m96ms[0m
[90mGET /vendors/bootstrap/css/bootstrap.min.css [36m304 [90m52ms[0m
[90mGET /javascripts/jquery/jquery-1.9.0.js [36m304 [90m46ms[0m
[90mGET /vendors/bootstrap/js/bootstrap.min.js [36m304 [90m43ms[0m
[90mGET /devices/dirList [32m200 [90m155ms - 2b[0m
[90mGET /devices/dirIndex [36m304 [90m92ms[0m
[90mGET /vendors/bootstrap/css/bootstrap.min.css [36m304 [90m19ms[0m
[90mGET /javascripts/jquery/jquery-1.9.0.js [36m304 [90m30ms[0m
[90mGET /vendors/bootstrap/js/bootstrap.min.js [36m304 [90m14ms[0m
[90mGET /devices/dirList [36m304 [90m149ms[0m
[90mGET / [36m304 [90m106ms[0m
[90mGET /vendors/bootstrap/css/bootstrap.min.css [36m304 [90m52ms[0m
[90mGET /javascripts/jquery/jquery-1.9.0.js [36m304 [90m46ms[0m
[90mGET /vendors/bootstrap/js/bootstrap.min.js [36m304 [90m42ms[0m
[90mGET /devices/isOnWorking [32m200 [90m186ms - 33b[0m
[90mGET /devices/stop [36m304 [90m149ms[0m

http.js:689
    throw new Error('Can\'t set headers after they are sent.');
          ^
Error: Can't set headers after they are sent.
    at ServerResponse.OutgoingMessage.setHeader (http.js:689:11)
    at ServerResponse.res.set.res.header (/home/pi/apps/nodejs/piTimeLapse/node_modules/express/lib/response.js:549:10)
    at ServerResponse.res.json (/home/pi/apps/nodejs/piTimeLapse/node_modules/express/lib/response.js:194:36)
    at /home/pi/apps/nodejs/piTimeLapse/routes/device.js:42:21
    at ChildProcess.exithandler (child_process.js:651:7)
    at ChildProcess.EventEmitter.emit (events.js:98:17)
    at maybeClose (child_process.js:753:16)
    at Process.ChildProcess._handle.onexit (child_process.js:820:5)
